Arguments: 
  /usr/local/bin/node /usr/local/bin/yarn add nonoid@3.3.4

PATH: 
  /Library/Frameworks/Python.framework/Versions/3.10/bin:/usr/local/bin:/usr/bin:/bin:/usr/sbin:/sbin:/Library/Frameworks/Python.framework/Versions/3.10/bin

Yarn version: 
  1.22.19

Node version: 
  14.17.5

Platform: 
  darwin x64

Trace: 
  Error: https://registry.yarnpkg.com/nonoid: Not found
      at Request.params.callback [as _callback] (/usr/local/lib/node_modules/yarn/lib/cli.js:66145:18)
      at Request.self.callback (/usr/local/lib/node_modules/yarn/lib/cli.js:140890:22)
      at Request.emit (events.js:400:28)
      at Request.<anonymous> (/usr/local/lib/node_modules/yarn/lib/cli.js:141862:10)
      at Request.emit (events.js:400:28)
      at IncomingMessage.<anonymous> (/usr/local/lib/node_modules/yarn/lib/cli.js:141784:12)
      at Object.onceWrapper (events.js:519:28)
      at IncomingMessage.emit (events.js:412:35)
      at endReadableNT (internal/streams/readable.js:1317:12)
      at processTicksAndRejections (internal/process/task_queues.js:82:21)

npm manifest: 
  {
    "name": "goit-nodejs-hw-01-CLI",
    "version": "1.0.0",
    "description": "",
    "main": "index.js",
    "scripts": {
      "test": "echo \"Error: no test specified\" && exit 1",
      "start": "node index",
      "start:dev": "nodemon index"
    },
    "repository": {
      "type": "git",
      "url": "git+https://github.com/Ihor-Melnyk/goit-nodejs-hw-01-CLI.git"
    },
    "keywords": [],
    "author": "",
    "license": "ISC",
    "bugs": {
      "url": "https://github.com/Ihor-Melnyk/goit-nodejs-hw-01-CLI/issues"
    },
    "homepage": "https://github.com/Ihor-Melnyk/goit-nodejs-hw-01-CLI#readme",
    "devDependencies": {
      "nodemon": "^2.0.19"
    },
    "dependencies": {}
  }

yarn manifest: 
  No manifest

Lockfile: 
  No lockfile
